<?xml version="1.0" encoding="UTF-8"?>
<!-- Generated by org.testng.reporters.JUnitReportReporter -->
<testsuite hostname="LP387" failures="0" tests="5" name="com.sample.tests.PositiveTest" time="66.860" errors="0" timestamp="21 May 2024 14:09:30 GMT" skipped="0">
  <testcase classname="com.sample.tests.PositiveTest" name="testPizzaType" time="13.403"/>
  <testcase classname="com.sample.tests.PositiveTest" name="testPizzaType" time="13.881"/>
  <testcase classname="com.sample.tests.PositiveTest" name="testPizzaType" time="13.181"/>
  <testcase classname="com.sample.tests.PositiveTest" name="testPizzaType" time="13.132"/>
  <testcase classname="com.sample.tests.PositiveTest" name="testPizzaType" time="13.263"/>
</testsuite> <!-- com.sample.tests.PositiveTest -->
