<?xml version="1.0" encoding="UTF-8"?>
<!-- Generated by org.testng.reporters.JUnitReportReporter -->
<testsuite hostname="LP387" failures="0" tests="1" name="com.sample.test.demo.tests.DemoTest" time="0.008" errors="0" timestamp="17 May 2024 10:14:42 GMT" skipped="0">
  <testcase classname="com.sample.test.demo.tests.DemoTest" name="demoTest" time="0.008"/>
</testsuite> <!-- com.sample.test.demo.tests.DemoTest -->
