<?xml version="1.0" encoding="UTF-8"?>
<!-- Generated by org.testng.reporters.JUnitReportReporter -->
<testsuite hostname="LP387" failures="0" tests="4" name="com.sample.tests.NegativeTest" time="23.721" errors="0" timestamp="21 May 2024 14:09:30 GMT" skipped="0">
  <testcase classname="com.sample.tests.NegativeTest" name="checkMissingPhoneNum" time="5.577"/>
  <testcase classname="com.sample.tests.NegativeTest" name="checkMissingName" time="5.340"/>
  <testcase classname="com.sample.tests.NegativeTest" name="checkInvalidqty" time="5.165"/>
  <testcase classname="com.sample.tests.NegativeTest" name="checkresetbtn" time="7.639"/>
</testsuite> <!-- com.sample.tests.NegativeTest -->
